# JRE version: OpenJDK Runtime Environment (8.0_202-b03) (build 1.8.0_202-release-1483-b03)
# Java VM: OpenJDK 64-Bit Server VM (25.202-b03 mixed mode windows-amd64 compressed oops)
Heap:
 PSYoungGen      total 76288K, used 26441K [0x0000000715580000, 0x000000071b980000, 0x00000007c0000000)
  eden space 65536K, 40% used [0x0000000715580000,0x0000000716f525b0,0x0000000719580000)
  from space 10752K, 0% used [0x0000000719580000,0x0000000719580000,0x000000071a000000)
  to   space 10752K, 0% used [0x000000071a000000,0x000000071a000000,0x000000071aa80000)
 ParOldGen       total 120832K, used 7633K [0x00000005c0000000, 0x00000005c7600000, 0x0000000715580000)
  object space 120832K, 6% used [0x00000005c0000000,0x00000005c0774778,0x00000005c7600000)
 Metaspace       used 25868K, capacity 26500K, committed 26800K, reserved 1075200K
  class space    used 3293K, capacity 3454K, committed 3504K, reserved 1048576K
GC Heap History (10 events):
Event: 0.192 GC heap before
{Heap before GC invocations=1 (full 0):
 PSYoungGen      total 76288K, used 11250K [0x0000000715580000, 0x000000071aa80000, 0x00000007c0000000)
  eden space 65536K, 17% used [0x0000000715580000,0x000000071607cbf0,0x0000000719580000)
  from space 10752K, 0% used [0x000000071a000000,0x000000071a000000,0x000000071aa80000)
  to   space 10752K, 0% used [0x0000000719580000,0x0000000719580000,0x000000071a000000)
 ParOldGen       total 175104K, used 0K [0x00000005c0000000, 0x00000005cab00000, 0x0000000715580000)
  object space 175104K, 0% used [0x00000005c0000000,0x00000005c0000000,0x00000005cab00000)
 Metaspace       used 7534K, capacity 7746K, committed 7808K, reserved 1062912K
  class space    used 786K, capacity 861K, committed 896K, reserved 1048576K
Event: 0.194 GC heap after
Heap after GC invocations=1 (full 0):
 PSYoungGen      total 76288K, used 2690K [0x0000000715580000, 0x000000071aa80000, 0x00000007c0000000)
  eden space 65536K, 0% used [0x0000000715580000,0x0000000715580000,0x0000000719580000)
  from space 10752K, 25% used [0x0000000719580000,0x0000000719820810,0x000000071a000000)
  to   space 10752K, 0% used [0x000000071a000000,0x000000071a000000,0x000000071aa80000)
 ParOldGen       total 175104K, used 8K [0x00000005c0000000, 0x00000005cab00000, 0x0000000715580000)
  object space 175104K, 0% used [0x00000005c0000000,0x00000005c0002000,0x00000005cab00000)
 Metaspace       used 7534K, capacity 7746K, committed 7808K, reserved 1062912K
  class space    used 786K, capacity 861K, committed 896K, reserved 1048576K
}
Event: 0.194 GC heap before
{Heap before GC invocations=2 (full 1):
 PSYoungGen      total 76288K, used 2690K [0x0000000715580000, 0x000000071aa80000, 0x00000007c0000000)
  eden space 65536K, 0% used [0x0000000715580000,0x0000000715580000,0x0000000719580000)
  from space 10752K, 25% used [0x0000000719580000,0x0000000719820810,0x000000071a000000)
  to   space 10752K, 0% used [0x000000071a000000,0x000000071a000000,0x000000071aa80000)
 ParOldGen       total 175104K, used 8K [0x00000005c0000000, 0x00000005cab00000, 0x0000000715580000)
  object space 175104K, 0% used [0x00000005c0000000,0x00000005c0002000,0x00000005cab00000)
 Metaspace       used 7534K, capacity 7746K, committed 7808K, reserved 1062912K
  class space    used 786K, capacity 861K, committed 896K, reserved 1048576K
Event: 0.200 GC heap after
Heap after GC invocations=2 (full 1):
 PSYoungGen      total 76288K, used 0K [0x0000000715580000, 0x000000071aa80000, 0x00000007c0000000)
  eden space 65536K, 0% used [0x0000000715580000,0x0000000715580000,0x0000000719580000)
  from space 10752K, 0% used [0x0000000719580000,0x0000000719580000,0x000000071a000000)
  to   space 10752K, 0% used [0x000000071a000000,0x000000071a000000,0x000000071aa80000)
 ParOldGen       total 120832K, used 2480K [0x00000005c0000000, 0x00000005c7600000, 0x0000000715580000)
  object space 120832K, 2% used [0x00000005c0000000,0x00000005c026c3c0,0x00000005c7600000)
 Metaspace       used 7534K, capacity 7746K, committed 7808K, reserved 1060864K
  class space    used 786K, capacity 861K, committed 896K, reserved 1048576K
}
Event: 0.832 GC heap before
{Heap before GC invocations=3 (full 1):
 PSYoungGen      total 76288K, used 65536K [0x0000000715580000, 0x000000071aa80000, 0x00000007c0000000)
  eden space 65536K, 100% used [0x0000000715580000,0x0000000719580000,0x0000000719580000)
  from space 10752K, 0% used [0x0000000719580000,0x0000000719580000,0x000000071a000000)
  to   space 10752K, 0% used [0x000000071a000000,0x000000071a000000,0x000000071aa80000)
 ParOldGen       total 120832K, used 2480K [0x00000005c0000000, 0x00000005c7600000, 0x0000000715580000)
  object space 120832K, 2% used [0x00000005c0000000,0x00000005c026c3c0,0x00000005c7600000)
 Metaspace       used 19839K, capacity 20252K, committed 20480K, reserved 1071104K
  class space    used 2344K, capacity 2444K, committed 2560K, reserved 1048576K
Event: 0.839 GC heap after
Heap after GC invocations=3 (full 1):
 PSYoungGen      total 76288K, used 10730K [0x0000000715580000, 0x000000071b980000, 0x00000007c0000000)
  eden space 65536K, 0% used [0x0000000715580000,0x0000000715580000,0x0000000719580000)
  from space 10752K, 99% used [0x000000071a000000,0x000000071aa7aab0,0x000000071aa80000)
  to   space 10752K, 0% used [0x0000000719580000,0x0000000719580000,0x000000071a000000)
 ParOldGen       total 120832K, used 6441K [0x00000005c0000000, 0x00000005c7600000, 0x0000000715580000)
  object space 120832K, 5% used [0x00000005c0000000,0x00000005c064a6b0,0x00000005c7600000)
 Metaspace       used 19839K, capacity 20252K, committed 20480K, reserved 1071104K
  class space    used 2344K, capacity 2444K, committed 2560K, reserved 1048576K
}
Event: 0.878 GC heap before
{Heap before GC invocations=4 (full 1):
 PSYoungGen      total 76288K, used 16487K [0x0000000715580000, 0x000000071b980000, 0x00000007c0000000)
  eden space 65536K, 8% used [0x0000000715580000,0x0000000715b1f4c0,0x0000000719580000)
  from space 10752K, 99% used [0x000000071a000000,0x000000071aa7aab0,0x000000071aa80000)
  to   space 10752K, 0% used [0x0000000719580000,0x0000000719580000,0x000000071a000000)
 ParOldGen       total 120832K, used 6441K [0x00000005c0000000, 0x00000005c7600000, 0x0000000715580000)
  object space 120832K, 5% used [0x00000005c0000000,0x00000005c064a6b0,0x00000005c7600000)
 Metaspace       used 20757K, capacity 21174K, committed 21296K, reserved 1071104K
  class space    used 2475K, capacity 2583K, committed 2608K, reserved 1048576K
Event: 0.881 GC heap after
Heap after GC invocations=4 (full 1):
 PSYoungGen      total 76288K, used 6286K [0x0000000715580000, 0x000000071b980000, 0x00000007c0000000)
  eden space 65536K, 0% used [0x0000000715580000,0x0000000715580000,0x0000000719580000)
  from space 10752K, 58% used [0x0000000719580000,0x0000000719ba3ad0,0x000000071a000000)
  to   space 10752K, 0% used [0x000000071a000000,0x000000071a000000,0x000000071aa80000)
 ParOldGen       total 120832K, used 6449K [0x00000005c0000000, 0x00000005c7600000, 0x0000000715580000)
  object space 120832K, 5% used [0x00000005c0000000,0x00000005c064c6b0,0x00000005c7600000)
 Metaspace       used 20757K, capacity 21174K, committed 21296K, reserved 1071104K
  class space    used 2475K, capacity 2583K, committed 2608K, reserved 1048576K
}
Event: 0.881 GC heap before
{Heap before GC invocations=5 (full 2):
 PSYoungGen      total 76288K, used 6286K [0x0000000715580000, 0x000000071b980000, 0x00000007c0000000)
  eden space 65536K, 0% used [0x0000000715580000,0x0000000715580000,0x0000000719580000)
  from space 10752K, 58% used [0x0000000719580000,0x0000000719ba3ad0,0x000000071a000000)
  to   space 10752K, 0% used [0x000000071a000000,0x000000071a000000,0x000000071aa80000)
 ParOldGen       total 120832K, used 6449K [0x00000005c0000000, 0x00000005c7600000, 0x0000000715580000)
  object space 120832K, 5% used [0x00000005c0000000,0x00000005c064c6b0,0x00000005c7600000)
 Metaspace       used 20757K, capacity 21174K, committed 21296K, reserved 1071104K
  class space    used 2475K, capacity 2583K, committed 2608K, reserved 1048576K
Event: 0.896 GC heap after
Heap after GC invocations=5 (full 2):
 PSYoungGen      total 76288K, used 0K [0x0000000715580000, 0x000000071b980000, 0x00000007c0000000)
  eden space 65536K, 0% used [0x0000000715580000,0x0000000715580000,0x0000000719580000)
  from space 10752K, 0% used [0x0000000719580000,0x0000000719580000,0x000000071a000000)
  to   space 10752K, 0% used [0x000000071a000000,0x000000071a000000,0x000000071aa80000)
 ParOldGen       total 120832K, used 7633K [0x00000005c0000000, 0x00000005c7600000, 0x0000000715580000)
  object space 120832K, 6% used [0x00000005c0000000,0x00000005c0774778,0x00000005c7600000)
 Metaspace       used 20757K, capacity 21174K, committed 21296K, reserved 1071104K
  class space    used 2475K, capacity 2583K, committed 2608K, reserved 1048576K
}

